<?xml version="1.0" encoding="UTF-8"?>
<testng-results ignored="0" total="1" passed="1" failed="0" skipped="0">
  <reporter-output>
  </reporter-output>
  <suite started-at="2019-03-19T04:35:30Z" name="Default suite" finished-at="2019-03-19T04:35:41Z" duration-ms="11163">
    <groups>
    </groups>
    <test started-at="2019-03-19T04:35:30Z" name="Default test" finished-at="2019-03-19T04:35:41Z" duration-ms="11163">
      <class name="com.TestCases.RegisterPageTest">
        <test-method is-config="true" signature="SetUp()[pri:0, instance:com.TestCases.RegisterPageTest@2e377400]" started-at="2019-03-19T04:35:31Z" name="SetUp" finished-at="2019-03-19T04:35:37Z" duration-ms="5449" status="PASS">
          <reporter-output>
          </reporter-output>
        </test-method> <!-- SetUp -->
        <test-method signature="CreateNewOrder(java.lang.String, java.lang.String, java.lang.String, java.lang.String, java.lang.String, java.lang.String, java.lang.String, java.lang.String, java.lang.String, java.lang.String, java.lang.String)[pri:0, instance:com.TestCases.RegisterPageTest@2e377400]" started-at="2019-03-19T04:35:37Z" name="CreateNewOrder" data-provider="moon" finished-at="2019-03-19T04:35:41Z" duration-ms="3758" status="PASS">
          <params>
            <param index="0">
              <value>
                <![CDATA[smith]]>
              </value>
            </param>
            <param index="1">
              <value>
                <![CDATA[abc]]>
              </value>
            </param>
            <param index="2">
              <value>
                <![CDATA[1.23456789E9]]>
              </value>
            </param>
            <param index="3">
              <value>
                <![CDATA[nagoza@mail-pro.info]]>
              </value>
            </param>
            <param index="4">
              <value>
                <![CDATA[123 street]]>
              </value>
            </param>
            <param index="5">
              <value>
                <![CDATA[brooklyn]]>
              </value>
            </param>
            <param index="6">
              <value>
                <![CDATA[new york]]>
              </value>
            </param>
            <param index="7">
              <value>
                <![CDATA[11218.0]]>
              </value>
            </param>
            <param index="8">
              <value>
                <![CDATA[smith123]]>
              </value>
            </param>
            <param index="9">
              <value>
                <![CDATA[gill123]]>
              </value>
            </param>
            <param index="10">
              <value>
                <![CDATA[gill123]]>
              </value>
            </param>
          </params>
          <reporter-output>
          </reporter-output>
        </test-method> <!-- CreateNewOrder -->
        <test-method is-config="true" signature="TearDown()[pri:0, instance:com.TestCases.RegisterPageTest@2e377400]" started-at="2019-03-19T04:35:41Z" name="TearDown" finished-at="2019-03-19T04:35:41Z" duration-ms="725" status="PASS">
          <reporter-output>
          </reporter-output>
        </test-method> <!-- TearDown -->
      </class> <!-- com.TestCases.RegisterPageTest -->
    </test> <!-- Default test -->
  </suite> <!-- Default suite -->
</testng-results>
